<?xml version="1.0" encoding="UTF-8"?>
<!-- Generated by org.testng.reporters.JUnitReportReporter -->
<testsuite hostname="Pradeep-HP" failures="0" tests="1" name="TestNg.TestNg_Test" time="0.025" errors="0" timestamp="2025-05-04T21:51:30 EDT" skipped="0">
  <testcase classname="TestNg.TestNg_Test" name="test" time="0.025"/>
</testsuite> <!-- TestNg.TestNg_Test -->
